1612861007247937549
1612861005419118592
1612860999303925774
1612860969356595216
1612860965284114432
1612860946028040193
1612860911227932675
1612860906051964952
1612860901232893952
1614213906121265153
1614213898411950080
1614213880854585348
1614213876207480834
1614213869643378691
1614213864987529218
1614213861628051457
1614213860332040193
1614955712865501185
1614955704418435072
1614955702249832448
1614955698088984579
1614955688664465409
1614955688123404291
1614955686814797824
1614955685778804737
1614955682326872066
1615052737699319830
1615052729474289668
1615052723589681154
1615052715293544449
1615052712118259712
1615052706736996357
1615052703977312256
1615052703213981696
1615052697555832832
1615052696100212738
1615067870995644416
1615067864385323009
1615067854176485386
1615067851836231680
1615067824333983744
1615067820450103297
1615067808030760961
1615067801424916480
1615067800199987207
1615082988957564950
1615082984314470438
1615082982469152768
1615082974860509209
1615082971358453760
1615082957747748873
1615082950856507422
1615082942702780436
1615082925233504268
1615082908749889554
1615098119212961793
1615098118575464463
1615098117472374785
1615098075563044864
1615098069304971265
1615098066427682846
1615098064758349837
1615098059553218583
1615098048027181056
1615113241264365570
1615113239683121155
1615113238965788674
1615113235799375872
1615113234826108930
1615113226798112769
1615113214391472129
1615113205097058304
1615113198633635840
1615113196553261057
1615128370123100164
1615128350888177664
1615128346399997952
1615128339575980036
1615128328033415169
1615128326233886725
1615128325134946304
1615128323486539777
1615128315911708675
1615128300170661888
1615143483504828418
1615143481063661569
1615143466501312512
1615143456514674691
1615143438604996609
1615143434586570754
1615143425753468928
1615143424809631744
1615158610987810823
1615158608559476736
1615158602393690116
1615158596324528134
1615158586325303298
1615158582885883906
1615158578436001794
1615158574308810754
1615158547104567296
1615173731176910848
1615173716513521665
1615173712432730113
1615173703020707842
1615173701636624385
1615173700244103169
1615173694355296257
1615173690987282434
1615173686935289856
1615188858299375616
1615188841702490115
1615188835369127937
1615188833422938113
1615188810131718145
1615188791945224194
1615188785318215680
1615203970405859328
1615203945907122178
1615203929784193024
1615203923740049408
1615203912222670849
1615203907902533632
1615203887559970816
1615203856626884609
1615203847345180673
1615203823756115969
1615219090435735552
1615219079719292928
1615219069535375360
1615219065244598272
1615219053487874049
1615219049654280192
1615219048194899968
1615219038858416128
1615234225464115201
1615234225258786816
1615234216987435008
1615234201485250560
1615234201464279040
1615234190517338114
1615234186180460544
1615234185748152320
1615234180782166016
1615234176676163585
1615249346844594182
1615249345636405249
1615249343996387333
1615249338372096000
1615249336186667009
1615249334462808064
1615249333011505154
1615249331312857088
1615249329182343168
1615264473433923584
1615264466563928066
1615264461996331008
1615264455729848320
1615264450571010048
1615264446720446464
1615264445047123968
1615264439367761920
1615264436364640256
1615279593446952961
1615279593253998593
1615279582772449280
1615279577827315712
1615279574928998400
1615279572894752769
1615279567736025089
1615279553420709891
1615294716240592896
1615294709244563456
1615294702743330817
1615294702110265345
1615294697940852737
1615294697156784130
1615294695252295682
1615294691054096384
1615309834701660162
1615309830415081473
1615309824128061441
1615309823632986112
1615309823163211778
1615309821821046790
1615309801298305024
1615324963237421057
1615324959563485188
1615324955687657472
1615324951250083846
1615324950264528897
1615324937383804930
1615324931977535488
1615340104683343873
1615340103211311105
1615340090217168896
1615340084869451777
1615340072513200130
1615340058235785221
1615355224033562626
1615355223496704003
1615355221089325056
1615355218363035648
1615355216106500106
1615355203485851649
1615355202575699969
1615355199287169024
1615355196112080896
1615370352669908992
1615370352439296006
1615370344826802177
1615370344650481675
1615370343669014536
1615370332155834368
1615370328024272896
1615385469470244871
1615385458678063106
1615385457495314433
1615385457486925824
1615385457029779458
1615385450880925696
1615385445692473348
1615385432673619969
1615385421374005251
1615385421294321664
1615400579953459222
1615400574656348161
1615400567492182038
1615400562719064077
1615400559984377877
1615400547627958284
1615400543647862784
1615400542217588737
1615400540929654801
1615415706543329280
1615415696535523341
1615415692471435264
1615415691183804417
1615415679984799761
1615415667632771073
1615415666429034496
1615415659898277894
1615430841055731722
1615430838396534786
1615430834600697864
1615430832373796864
1615430832188973063
1615430820587606022
1615430816233914368
1615430814350688259
1615445972275822592
1615445969843150854
1615445966437376008
1615445957495382016
1615445954228006913
1615445941296717841
1615445934069932049
1615445929246740480
1615445921885478934
1615461081006342144
1615461058126249984
1615461046399172608
1615461038052495363
1615461033983844362
1615461033589473282
1615461028854120450
1615461028015259648
1615461025297358849
1615476219717328918
1615476203430846467
1615476203238076416
1615476202197721119
1615476191087009794
1615476184174972928
1615476173714202625
1615476162569936920
1615491343848988675
1615491342599131137
1615491339596038144
1615491326577086466
1615491320537141249
1615491318158860288
1615491311397642240
1615491306314137600
1615491288928849920
1615506466957578240
1615506462171709442
1615506455796543490
1615506445700853760
1615506441682710528
1615506431553449984
1615506430982868996
1615506427677937664
1615506415401185280
1615521588606115840
1615521586047590401
1615521554506432512
1615521544629014529
1615521537406164994
1615521508499099649
1615521494939099136
1615521480820801536
1615536718999945217
1615536718777565184
1615536695507648512
1615536659877224448
1615536644425416704
1615536643334701058
1615536636124594176
1615536617925783552
1615551840854106114
1615551822982254593
1615551808960888832
1615551797887930368
1615551779110031361
1615551766493540352
1615551765277204481
1615566955800559624
1615566945859805187
1615566940537507841
1615566937664151552
1615566935395078149
1615566915946090497
1615566915115831297
1615566911814930433
1615566909293969408
1615582081203032064
1615582076346175493
1615582068389605376
1615582067190026240
1615582061842022403
1615582059065475072
1615582036374294529
1615582012261412865
1615597208208019456
1615597206471413765
1615597201174011904
1615597200670879744
1615597180974252036
1615597180743548931
1615597167426551809
1615597163962048512
1615597161961644033
1615612318192390144
1615612315633864704
1615612313112829953
1615612294473334785
1615612293814915072
1615612280183439361
1615612275691339777
1615612274340958208
1615612259560218624
1615627454730698752
1615627446874943488
1615627444467257345
1615627440436674560
1615627436603117570
1615627435810197505
1615627434258219008
1615627429120286721
1615627427325120512
1615627422971338753
1615629141285429248
1615629123145142272
1615629112239951872
1615629109752909826
1615629089569742850
1615629089511182336
1615644274238062592
1615644269800468485
1615644264414707712
1615644261864845313
1615644257536057344
1615644257519378432
1615644255275585536
1615644241652502528
1615644233712693248
1615659379503648769
1615659372440616960
1615659356422541312
1615659354992087042
1615659349564694528
1615659347274797056
1615659340299395073
1615674515752640513
1615674513097723905
1615674486711353348
1615674486174670848
1615674474409459714
1615674471788023808
1615674465865580547
1615689647056912385
1615689645118849025
1615689642753331201
1615689629226647552
1615689617650458631
1615689610465628163
1615689608007745536
1615689601296867329
1615704805590331392
1615704803694505984
1615704797050703874
1615704788242423808
1615704785990156289
1615704780826976256
1615704764117057542
1615704761050828804
1615719930158014464
1615719925938638851
1615719913343025153
1615719911430524929
1615719904895959043
1615719903411204096
1615719902513618946
1615719899619287041
1615719891750817795
1615719891646173190
1615735055267106816
1615735039785844738
1615735038926258183
1615735031586246656
1615735015509463040
1615735011415572480
1615735008387387394
1615734986950295552
1615734986514079744
1615750189091885056
1615750188760539136
1615750188450328576
1615750185690308608
1615750184733900805
1615750181915443200
1615750181630185472
1615750176538300417
1615765317438799877
1615765316113399826
1615765307460550673
1615765306302922754
1615765288561016840
1615765287743127553
1615765278704402443
1615765267610730497
1615765266675400704
1615780439741849602
1615780432494084111
1615780414769045505
1615780409572212749
1615780407483449348
1615780399514554369
1615780388076404745
1615795559771652096
1615795542055063553
1615795534119456768
1615795533020336341
1615795531158065158
1615795530365280256
1615795524128411675
1615795522282917903
1615795520588419072
1615795519317499904
1615810690161479680
1615810686872944641
1615810672289267712
1615810670317998097
1615810642027417625
1615810639707967508
1615810630208090113
1615825822144933889
1615825822090141697
1615825815706509316
1615825811202007040
1615825805669707776
1615825800976269312
1615825783427330048
1615825777257324565
1615825775873212416
1615825774350864385
1615840941511938048
1615840932464672768
1615840931785355264
1615840918325575682
1615840907479097346
1615840904023281666
1615840902542659584
1615840887925346305
1615840885660426251
1615840879985725440
1615856071821910017
1615856030566551552
1615856028566065153
1615856027328561152
1615856013273632768
1615856013147619328
1615856011335634945
1615871179952111616
1615871176299151361
1615871145378455554
1615871137904472064
1615871122616074240
1615871112881266689
1615886325680332800
1615886276825341952
1615886275495727105
1615886258206822400
1615886239126667264
1615886232940158976
1615886227311583232
1615886225608515584
1615901444464574464
1615901435681538050
1615901432414363648
1615901423019130880
1615901419969675269
1615901414479249408
1615901412768223232
1615901394451501057
1615916577408389120
1615916574321278976
1615916569984659457
1615916564448002048
1615916535188492296
1615916516184313856
1615916512107175939
1615916461012156416
1615916460630482945
1615931686499360771
1615931679926898688
1615931670535852032
1615931654111137792
1615931641490178049
1615931635157045248
1615931634653478912
1615931627091234816
1615931623928729601
1615946809351847941
1615946807774949376
1615946797930909697
1615946781606436865
1615946778939121665
1615946777999585280
1615946777206878208
1615946776409956354
1615946770588078081
1615961944137023492
1615961920229474304
1615961912285753346
1615961903292874752
1615961888160112641
1615961879402135558
1615961876713668610
1615961876369911811
1615977063147573250
1615977059645378562
1615977034387451904
1615977021007446017
1615977004788256768
1615976992058531840
1615976991244812292
1615976989915230222
1615976985359958016
1615976937482252288
1615992201078607872
1615992201011412994
1615992197282955265
1615992191486132227
1615992191180222464
1615992189728993281
1615992187442929664
1615992187396710401
1615992177804414977
1615992169361293313
1616007322228387840
1616007318046658560
1616007300329902080
1616007297100046337
1616007273029185539
1616007267240873986
1616007258936057857
1616007252623736834
1616022451934068737
1616022413858246657
1616022412004585474
1616022409152176128
1616037570135359491
1616037564351401990
1616037561817878528
1616037556201705473
1616037555258163202
1616037555216027649
1616037543710957570
1616037540523397122
1616037538300588035
1616037537252012033
1616052703783682050
1616052699686121473
1616052696460443648
1616052682308964354
1616052676252561409
1616052670518923267
1616052667264143360
1616052664495636482
1616052662981591040
1616052658238001152
1616067826048974851
1616067824757374977
1616067824040185856
1616067820483383298
1616067814929883136
1616067814531665921
1616067814124847105
1616067810928779268
1616067807778570241
1616067789365694465
1616082952160419845
1616082945822920704
1616082945701445633
1616082939590180868
1616082938936037378
1616082938419978242
1616082937971097600
1616082935500734464
1616082929033281536
1616098115861225474
1616098109397864449
1616098106503991296
1616098103224053763
1616098102586245128
1616098102150336513
1616098099071713281
1616098090598932480
1616098056478547969
1616098056369496070
1616113237363429377
1616113234259464195
1616113226965565457
1616113225963130881
1616113221030772736
1616113218539192320
1616113218459504640
1616113217947766786
1616113176256413697
1616128350241816579
1616128343321227270
1616128340380860443
1616128320931872782
1616128320386613250
1616128316724985884
1616128303244673025
1616128286622613504
1616128274937135145
1616128272772784128
1616143484921970703
1616143482011123729
1616143476684357638
1616143475765805058
1616143460611887114
1616143459089358848
1616143456530726932
1616158603060346880
1616158594424242177
1616158593710948375
1616158587390132252
1616158581551960064
1616158579236405260
1616158572382912564
1616158571493744640
1616158569950490624
1616158565672128512
1616173714269405184
1616173714025889795
1616173713124380672
1616173709579927559
1616173693238902784
1616173689166249995
1616173681180295180
1616173673987117056
1616173673261723649
1616173671034273802
1616188829538390019
1616188805429727232
1616188802141392896
1616188799020826625
1616188794444648455
1616188777420193793
1616188774505152513
1616188774127386624
1616188773355905025
1616203932501671936
1616203929074765824
1616203926570962945
1616203916969971724
1616203909714046976
1616203900318584853
1616203895545466899
1616203884091035648
1616203881272250382
1616203876012593173
1616219081539215360
1616219078338772993
1616219064673730565
1616219058558455810
1616219058466078723
1616219028585947136
1616218990556200960
1616218974416404481
1616218969635000322
1616234192295301120
1616234190168629249
1616234187543007232
1616234184137113603
1616234179917643778
1616234176859996160
1616234171944554496
1616234127983869958
1616249295753318400
1616249290984247296
1616249288861827074
1616249281320476679
1616249252253925376
1616249252203876352
1616249251373240326
1616249246440919042
1616249241680191491
1616249229910892547
1616264434644656128
1616264425031221250
1616264412092059648
1616264401853755392
1616264394165587968
1616264385273405440
1616264384581627905
1616264382010515457
1616279553063763970
1616279543882424322
1616279542590578691
1616279541592236032
1616279540401164288
1616279539008536576
1616279538144534529
1616279526803181568
1616279507891286021
1616294680563699712
1616294660326195200
1616294647239938048
1616294646862475267
1616294644429488131
1616294627925168129
1616294627060875270
1616294605867352064
1616309796763832320
1616309764765392896
1616309734306357248
1616309732360200195
1616309721241194498
1616309711602683911
1616309705701470209
1616324915027656704
1616324895897702403
1616324895016890371
1616324889732079617
1616324880945016832
1616324874137378818
1616324873080668162
1616324860594229248
1616324860522946560
1616324853904347136
1616340030989164545
1616340028325781504
1616340027507888128
1616340023447588866
1616340020071387137
1616340000374677504
1616339997996777472
1616339997606481920
1616355161458237444
1616355148091084800
1616355142437150722
1616355138960265216
1616355136909238272
1616355132501000193
1616355123592138753
1616355122837348352
1616355117200019457
1616370286231691266
1616370282758823938
1616370275158736896
1616370272311070722
1616370271572692992
1616370256292847616
1616370246213898241
1616385422405271552
1616385417347227649
1616385388461031424
1616385388263735296
1616385384942034956
1616385378327429121
1616385374678384641
1616385367032360962
1616385363630751744
1616385358178181121
1616400555382898688
1616400549070491651
1616400542858883075
1616400540363259905
1616400536269631488
1616400529621667841
1616400529214836737
1616400522600382464
1616400520087801856
1616415684203782145
1616415672405299201
1616415669574328321
1616415655271759876
1616415655258988544
1616415654717825026
1616415645519777798
1616415638809120770
1616415630508580867
1616430859183132673
1616430856880496642
1616430855278465025
1616430838081634306
1616430837469442050
1616430830225887234
1616430827952373763
1616430822701121536
1616430819622662147
1616446000998256643
1616445996036390915
1616445992433520643
1616445983868559361
1616445982022959106
1616445968680902667
1616445966630162434
1616445960632078336
1616461125490544640
1616461125008166914
1616461123816914944
1616461120663097352
1616461115822579720
1616461114208038912
1616461107505532935
1616461105391353857
1616461103382265856
1616476245557903375
1616476223290343431
1616476222061703169
1616476219209547781
1616476215698927617
1616476215468036096
1616476210380275723
1616476202876665868
1616476201790341126
1616476197541527552
1616491338882482201
1616491338714710034
1616491338450763776
1616491332121264151
1616491328174424089
1616491328015327232
1616491324827369491
1616491322772160521
1616491320805031943
1616506473579794432
1616506471482621952
1616506467242151949
1616506456970301450
1616506426649907200
1616506426188234752
1616506422723809304
1616506422266585090
1616521604300787718
1616521603747127302
1616521601360486400
1616521597652705280
1616521590321152037
1616521545408729088
1616536716835426304
1616536714679386119
1616536709310677003
1616536697235279872
1616536685747077130
1616536682144358401
1616536680038629382
1616551838756802562
1616551825154494485
1616551824617623564
1616551816849928193
1616551807412760576
1616551806498373632
1616551804682272768
1616551803990192128
1616551797845561345
1616566954726412288
1616566924032315394
1616566921784082432
1616566912301006848
1616566884735787009
1616566878331338754
1616566838984572933
1616566812442779648
1616582076651782144
1616582066220699648
1616582040593342464
1616582040312516611
1616582030535413761
1616582023665033217
1616582023409459200
1616582006770483200
1616582004870623232
1616582003943673857
1616597189509382145
1616597180902690816
1616597173965144069
1616597167032139776
1616597143896162304
1616597118835122177
1616597113663782912
1616597110409007105
1616597070940364800
1616597062744784897
1616612324751859712
1616612318141616128
1616612301351817216
1616612301066440705
1616612297920634880
1616612284931137536
1616612283999731714
1616612262319464450
1616612257047408644
1616612244397391872
1616627435021156352
1616627420970504192
1616627409171910657
1616627395783720961
1616627369804181505
1616627360203411457
1616627347414986752
1616627344453828611
1616627324371275777
1616627320261074946
1616642568942485507
1616642568351281152
1616642565196976129
1616642559576788998
1616642547719311363
1616642546670735361
1616642544342908932
1616642532384841728
1616642516169752580
1616657687374094337
1616657680516407297
1616657658383327238
1616657649310867456
1616657631233597440
1616657602494238722
1616657602053828608
1616657573746282496
1616657571527675904
1616657571464577025
1616672812290408449
1616672804652421120
1616672802651910145
1616672786902142977
1616672775267323906
1616672763179335680
1616672761803317250
1616672735266062337
1616672726441201664
1616687933251289088
1616687920915828740
1616687919615578112
1616687917182914560
1616687890410397702
1616687886379663361
1616687873478074368
1616687870739087362
1616703051250671616
1616703049833283585
1616703042661019648
1616702986742374403
1616702985861480448
1616702979767156737
1616702977204490241
1616702971433172992
1616718160358682624
1616718157556875265
1616718156608962560
1616718155405225985
1616718153899294723
1616718146458554372
1616718136195137537
1616718133854720000
1616733277410451457
1616733273107091456
1616733242836815872
1616733237052837888
1616733233521266688
1616733226852298754
1616733222540394498
1616733218010730496
1616733215615750144
1616733212147085312
1616748407984459777
1616748391329038338
1616748389647159298
1616748387310751744
1616748357099167745
1616748355757166593
1616748347569602560
1616748345925451776
1616763518845435905
1616763516756582401
1616763516475838465
1616763514068025347
1616763507470663681
1616763493516210176
1616763491825721346
1616778641798488065
1616778640703766530
1616778638279540736
1616778637100912640
1616778631900008449
1616778627495985152
1616778623775641601
1616778614384766978
1616793755729776640
1616793743327170569
1616793728336760834
1616793702923669504
1616793694593589249
1616793681675309056
1616793632983642112
1616793631616114690
1616808889558913025
1616808885574156291
1616808883317768193
1616808879903608832
1616808871691014144
1616808871322058752
1616808866938818560
1616808861414969348
1616808858575425538
1616824016970342400
1616824014369857536
1616823989153718272
1616823989094998020
1616823980891213827
1616823976977698816
1616823975753175042
1616823970246053892
1616823966680879104
1616839133032226819
1616839132835184643
1616839127516983301
1616839113629368326
1616839106033586179
1616839104540311554
1616839102397091845
1616839101713420288
1616839098022371330
1616839096453812224
1616854260649435137
1616854260360126468
1616854256228655105
1616854255343648771
1616854252663586818
1616854238440693760
1616854232543502336
1616854220627652611
1616854216060071937
1616869399515766785
1616869394658762752
1616869394084429824
1616869392268288000
1616869390703820800
1616869382537510913
1616869379081383936
1616869378649210880
1616869376711426048
1616869373939187712
1616884499261825027
1616884485399650304
1616884481419247617
1616884451903946752
1616884431494549504
1616884430718607361
1616884428642426881
1616884419121537024
1616884415161896962
1616884412456599555
1616888309866983426
1616888308184793088
1616888303600668673
1616888281010171905
1616888262550749186
1616888253382008838
1616888235741032451
1616892095259897856
1616892081208971264
1616892077308268544
1616892062967676930
1616892051202920449
1616892043422494721
1616892042633957376
1616892017358913537
1616892010425622528
1616895923384098817
1616895918858731520
1616895917839515649
1616895899514408960
1616895878677299201
1616895873128202240
1616895819205976064
1616899719082409987
1616899709410353155
1616899707875336193
1616899706743033857
1616899704285204481
1616899699679846401
1616899686404657152
1616903516429357056
1616903516110393346
1616903515233812483
1616903508959141896
1616903496275460098
1616903496200060929
1616903494849421313
1616903493209542656
1616903493088071682
1616903491951247361
1616907312526135296
1616907290476515328
1616907289662787585
1616907288815583233
1616907282205315072
1616907268842459136
1616907256364236801
1616907236869013505
1616907236563111936
1616911116919099393
1616911116390498304
1616911114263994371
1616911112322318337
1616911107314032642
1616911090755207169
1616911086472646657
1616911077710643207
1616911072463835136
1616911039848751111
1616914882162577409
1616914881122373634
1616914862784872448
1616914854518099969
1616914852991074304
1616914850306744321
1616914837090492417
1616914832812277760
1616914818438414336
1616914815380774916
1616918709448343552
1616918705744777216
1616918694545719296
1616918692817768448
1616918692469563396
1616918691374944257
1616918690968002565
1616918687935614978
1616918672378830848
1616922500461371394
1616922496153837569
1616922489564844032
1616922465912950784
1616922461811126273
1616922450272616449
1616922444421373952
1616922437391683585
1616922431930744832
1616926313486368769
1616926307849306112
1616926307329183744
1616926302614822912
1616926301176078337
1616926299305705474
1616926292657704960
1616926290237349892
1616926288153022464
1616930107339452416
1616930106097770497
1616930082261716993
1616930079359000578
1616930078859956225
1616930077236658178
1616930071989600256
1616930068248363010
1616930065601949696
1616930057985089536
1616933898927366147
1616933891457318913
1616933885643833346
1616933880803774464
1616933842132127750
1616933831180779520
1616933819885445128
1616937689483288582
1616937649172021248
1616937648664317952
1616937645392773122
1616937633212469250
1616937622235914240
1616937615348973568
1616937589520449537
1616941477447274497
1616941435718180864
1616941427438809089
1616941426092441600
1616941397789245441
1616941367611256833
1616945260801970176
1616945257429467143
1616945255160446977
1616945248437166081
1616945239171768321
1616945193026224128
1616945190165483521
1616949056231845889
1616949050581946370
1616949031577559041
1616949030214320128
1616949008575959043
1616948999876972546
1616948998119772161
1616948978372775938
1616948977915629570
1616952845923762176
1616952827485589506
1616952820430786560
1616952820086751232
1616952817520103426
1616952813417861121
1616952812205744128
1616952769914568708
1616952764218888194
1616956627990593538
1616956603177000961
1616956602506178561
1616956587125444610
1616956569253744641
1616956568792363008
1616956567332470784
1616956563083923456
1616956561062264835
1616960432278749185
1616960419054116869
1616960416512344066
1616960409222660097
1616960390750953476
1616960384656629761
1616960378361241602
1616960371159441408
1616964207152451584
1616964203180343297
1616964167574896640
1616964162638184451
1616964159932928002
1616964155281637376
1616964155164217345
1616964139502403586
1616964137443119105
1616967982047006723
1616967972949458948
1616967966922526720
1616967964481159168
1616967946370269184
1616967929337184256
1616967898391609347
1616971781046435840
1616971758938083330
1616971756916412417
1616971741040885760
1616971709462253568
1616971707738198018
1616971704319762433
1616971698229723137
1616975586265645056
1616975582868242433
1616975560420327424
1616975558780375041
1616975531789926400
1616975528778424321
1616975527901904896
1616979349827117059
1616979344013795330
1616979340461510658
1616979335499464706
1616979321096208385
1616979314821431301
1616979306651033600
1616979306315644928
1616979289509081089
1616983107865018371
1616983097597218816
1616983087589597184
1616983082598551552
1616983081532915713
1616983074662670337
1616986946147946497
1616986938602582017
1616986938484850688
1616986923565973504
1616986903408181249
1616990702130561026
1616990700926824449
1616990674980593664
1616990659843608576
1616990647671554051
1616990637567483904
1616990636326162433
1616990634627469312
1616990631296917507
1616994511384899585
1616994506288795653
1616994498516783106
1616994485325680642
1616994479197810689
1616994458318389254
1616994453784526849
1616994448701009923
1616994433366626308
1616998270911537152
1616998259196674049
1616998250602536962
1616998240833998848
1616998228364337154
1616998188732260362
1616998181039898625
1617002076621647873
1617002069168369666
1617002053112307715
1617002039984390145
1617002015426486272
1617002009860706308
1617002007566467072
1617005882864291842
1617005874870091783
1617005871527084035
1617005867119042561
1617005843291013121
1617005826040008704
1617005821174366208
1617009672732700672
1617009664612519942
1617009661177217025
1617009658195070978
1617009657020661765
1617009644211437572
1617009634232901632
1617009630768517120
1617009621075660803
1617009590083944453
1617013427020374016
1617013409832374272
1617013396913926144
1617013384091955209
1617013381583540224
1617013375233589250
1617013360226074624
1617013332720128000
1617013287434223616
1617017240934617088
1617017229270204416
1617017219149623297
1617017217895342084
1617017188870942720
1617017182327803904
1617017180268433412
1617017179584761856
1617021040605163520
1617021029368438784
1617021025580883969
1617021003275575299
1617020998544658433
1617020996187308032
1617024822243991552
1617024795320717312
1617024785854201856
1617024767185256448
1617024764899385345
1617024753616945152
1617024748717842436
1617024689242791937
1617024675871178753
1617028598447079425
1617028597100990464
1617028560379695104
1617028555455582211
1617028551961624576
1617028487415762944
1617032414353661952
1617032406543876096
1617032392862040064
1617032385023082499
1617032378819526656
1617032376177299458
1617032374415667202
1617032370087145472
1617032365213384708
1617036197427089408
1617036181408989184
1617036163071545344
1617039971822759937
1617039968605536263
1617039965715660801
1617039956295225347
1617039929263132673
1617039928558325761
1617043731164663809
1617043681155944451
1617043679088152579
1617043668216741888
1617043667382042624
1617047548971163650
1617047548115693568
1617047545271955456
1617047541308071938
1617047510236950530
1617047507711987712
1617047506034085888
1617051342996123649
1617051338218799104
1617051326898409474
1617051309642862594
1617051308938170368
1617051308413915137
1617051301828755457
1617055131698176000
1617055130083561474
1617055129609601026
1617055116099461121
1617055096939986945
1617055078082306050
1617055076237070338
1617055055781191681
1617055050378973184
1617055038819409922
1617058919528148995
1617058918416384001
1617058903727947776
1617058901614297089
1617058897470320640
1617058888876003329
1617058876788178944
1617058859495096323
1617058851806666752
1617062695143936001
1617062684326858752
1617062683018428419
1617062676840030208
1617062673656545280
1617062669827166208
1617062669579653124
1617062666429943808
1617062659433676800
1617066496194400256
1617066487499423744
1617066487222509571
1617066486924812288
1617066481497559040
1617066468503588864
1617066444482809858
1617066425696374786
1617070281142444032
1617070277380145153
1617070253703405568
1617070242471247873
1617070214423932929
1617070190612586497
1617070180852719616
1617074075007946757
1617074063276384259
1617074062743990273
1617074052459372545
1617074009082064896
1617073958926356480
1617073953448595457
1617073953192955906
1617077865790541827
1617077856810733570
1617077853581086720
1617077843879682050
1617077843078578178
1617077825193889792
1617077812355289092
1617081652240617473
1617081652227833857
1617081651653234689
1617081650998906883
1617081640215248899
1617081638403407872
1617081636121624577
1617085452430856193
1617085436186472448
1617085412953948160
1617085405157003264
1617085400308191232
1617085393576550403
1617085387813289984
1617089219834290176
1617089219612098560
1617089217913552896
1617089213622800389
1617089211181727744
1617089207599505409
1617089203203964929
1617089202507681792
1617089201333497856
1617089199471038464
1617093037112586241
1617093036215013376
1617092995991629824
1617092991927324674
1617092985912692740
1617092982179786752
1617092979994537987
1617092962671890433
1617092954858082305
1617092925271195654
1617096841031569409
1617096831053299713
1617096800175022081
1617096788263010305
1617096776678531075
1617096751567233028
1617100611060731907
1617100607927775233
1617100605931098112
1617100592110780416
1617100568862011394
1617100555205382146
1617104428674449408
1617104425897627649
1617104397535948800
1617104396667752448
1617104388576907266
1617104386177785857
1617104380783726592
1617104374886551552
1617104368813080576
1617104362568052738
1617108223043010560
1617108215891726337
1617108203312975874
1617108201228353537
1617108192869113856
1617108184233291776
1617108173474725890
1617108155863019521
1617112004480872449
1617112001158717441
1617111992170418176
1617111974109929474
1617111930551812096
1617111923434323970
1617111909941104640
1617115795317719040
1617115785155035137
1617115783141679105
1617115747628507137
1617115744743088129
1617115739348996096
1617115715215175683
1617115705475833858
1617115701009068032
1617119575887253510
1617119569075748864
1617119566949408770
1617119563455373314
1617119561744285697
1617119546090962956
1617119528558665730
1617119521088901120
1617123374844502016
1617123357064839168
1617123348198346752
1617123317923868673
1617123312156676096
1617123310676082689
1617123307048034309
1617123286118273024
1617123282389696516
1617123278405120001
1617127170207547392
1617127167342641160
1617127162301104128
1617127161604849664
1617127144198664194
1617127141576957952
1617127135721959424
1617127134115549184
1617127125009731586
1617130964689231872
1617130963628171264
1617130962646622208
1617130961527017472
1617130959450652673
1617130951334858757
1617130930631589888
1617130925388894209
1617130912927342594
1617130910603935745
1617134768402956288
1617134766586740739
1617134754981384194
1617134753848639488
1617134734554923009
1617134717643653120
1617134713595994112
1617134697863122945
1617138550436253699
1617138520266506241
1617138518240952320
1617138512700243969
1617138512523927562
1617138512498769921
1617142356045881344
1617142344989409282
1617142317898469378
1617142314123812868
1617142313494495234
1617142310294425601
1617142309077794817
1617146151580405760
1617146151521902595
1617146146979254273
1617146136996749313
1617146134916464642
1617146126964080641
1617149939410165761
1617149938500079616
1617149933773021191
1617149930988048387
1617149926139363328
1617149910452781056
1617149890852691969
1617149859110199296
1617153718394458112
1617153705832316928
1617153696185327616
1617153679651672065
1617153665780912129
1617153655911727107
1617157519335657472
1617157514348613632
1617157491078434817
1617157480722698240
1617157467527430144
1617157466927529987
1617157449013948417
1617157441614974978
1617157435558604800
1617161322382106625
1617161311946670080
1617161310721957888
1617161292242128896
1617161289952022528
1617161289805058048
1617161274038558720
1617161273690722305
1617161271295574016
1617161267432624130
1617165101278302209
1617165099025801218
1617165098782531585
1617165095829897217
1617165071980847105
1617165070055903233
1617165060119400456
1617165059947388928
1617165059095945219
1617165049885503489
1617168919998988288
1617168914605039621
1617168898419302400
1617168855197011969
1617168848158949376
1617168844493053954
1617168818601865216
1617172714216636418
1617172705366745091
1617172692712538112
1617172680129773568
1617172679714557954
1617172673108508672
1617176481775378433
1617176469926453248
1617176467430940673
1617176464394260481
1617176458987999232
1617176452038029314
1617176432408420358
1617180289926631428
1617180286357311489
1617180275494236162
1617180271140376576
1617180266237251584
1617180262965678082
1617180238265581569
1617184066113273857
1617184059180089344
1617184056587722753
1617184050782806017
1617184050476716032
1617184029392109568
1617184028704051202
1617187890227826695
1617187889162362880
1617187884733186048
1617187878278254594
1617187874771804161
1617187867234635779
1617187855209578498
1617191688283324416
1617191664082190338
1617191663981719552
1617191658130472965
1617191647812395008
1617191638689775616
1617191634738741251
1617191626325073921
1617195481108463616
1617195462687363072
1617195461328117761
1617195458618589185
1617195457679183874
1617195454407794688
1617199270381391872
1617199269227958274
1617199262173134849
1617199255986356227
1617199248583413761
1617199231097257987
1617199230744920064
1617199229742583808
1617199189959606273
1617199189099745283
1617203075583721474
1617203070097657856
1617203063902834688
1617203059741827074
1617203059620286465
1617203058584289282
1617203049252130817
1617203047851233281
1617203045200183300
1617203035939246082
1617206834544390144
1617206832199602176
1617206814160089093
1617206812574359554
1617206805775499265
1617206794564124673
1617206787676962816
1617206782123966464
1617206782123712513
1617210659317649408
1617210636731322368
1617210624777363459
1617210618133598208
1617210607618658304
1617210603549884416
1617210586953048070
1617210582314237952
1617210581714624517
1617210580636401665
1617214471243448321
1617214470287396864
1617214446006571008
1617214428604252160
1617214420597477378
1617214410535100417
1617214408954105860
1617218259039973379
1617218249862664192
1617218249153982464
1617218240345686022
1617218234100449280
1617218225334546432
1617218220829863936
1617218219705602052
1617218216433942528
1617222059150508034
1617222026531422209
1617222024971313152
1617222021284339713
1617222012014923776
1617222008831635456
1617222008604950530
1617221999864184832
1617225803552690181
1617225797298958338
1617225793519902722
1617225780295241735
1617225764268638216
1617225756408438785
1617225749542445056
1617225735982440449
1617225726444376064
1617229655798607872
1617229633837010944
1617229625398284289
1617229623989006337
1617229619127783424
1617229590656581637
1617229589666840576
1617229587284475904
1617233441996640257
1617233429401333760
1617233423721979907
1617233415991959556
1617233410124029954
1617233409507459074
1617233406923886594
1617233402624675840
1617233371494580224
1617237213770653696
1617237213154009089
1617237170783391744
1617237159949262855
1617237149694189570
1617237148092043271
1617237147848679424
1617237144161980420
1617237137023172610
1617237131188903936
1617241031296126981
1617241019510128640
1617241006528659457
1617240983254740992
1617240946571100160
1617240944088072193
1617240934164348928
1617240927591858179
1617244843419238401
1617244842349957120
1617244818543095808
1617244806173921281
1617244795801329665
1617244795017265152
1617244794832535552
1617244788515913728
1617244787693834242
1617244775526158338
1617248641311203328
1617248634453508097
1617248621325434880
1617248610093273089
1617248599284260871
1617248586227503105
1617248581034954753
1617248574080679937
1617248570674974722
1617252406542180358
1617252405304860672
1617252401018449920
1617252396471848960
1617252395666345986
1617252355921027072
1617252343837347840
1617256227926585346
1617256214483685377
1617256214278344704
1617256205679988736
1617256202823692289
1617256197828104193
1617256186377551874
1617256175480848384
1617260026216996866
1617260020747345921
1617260020126605312
1617260001621577728
1617259993715322880
1617259992368791554
1617259981165805575
1617259977864888320
1617259962828263426
1617263842936889345
1617263836893007872
1617263822854668289
1617263758656643072
1617263736154165249
1617263734300311561
1617263733968863233
1617263721784508416
1617267638081654784
1617267608969183233
1617267605261148160
1617267600592982019
1617267598617415680
1617267588962332672
1617267569420914694
1617267564534439936
1617267562722775040
1617267541931425793
1617271431686930434
1617271426532184064
1617271384681467904
1617271342541291520
1617271311696551936
1617271308147900418
1617271296777224194
1617271294403268609
1617275230505820165
1617275227272286208
1617275218699096064
1617275215028822018
1617275207915388932
1617275205696495617
1617275199165956096
1617275191725363200
1617275185337630720
1617279034018127875
1617279031723921408
1617279030318833666
1617279019355103232
1617279003827605508
1617278983309066241
1617278979848667138
1617278951759482880
1617282839673716739
1617282835257200642
1617282819457437701
1617282817217515521
1617282808933646336
1617282807461552129
1617282806593327105
1617282805691465730
1617282804500541440
1617282791690977280
1617286620364898310
1617286592225509376
1617286586068074497
1617286583157235712
1617286581458460673
1617286571475992576
1617286571140546560
1617286565495209984
1617286563410608128
1617290448929984512
1617290405887762433
1617290398900318209
1617290392218517509
1617290387101741059
1617294240228188171
1617294185375346688
1617294161585078272
1617294160545067008
1617294152852455425
1617294135785918468
1617294131184771079
1617298033024339969
1617298028146331648
1617298019988246530
1617298018503622656
1617298007464247297
1617298005232877569
1617298000157749248
1617297997972267008
1617301836532252673
1617301832274944001
1617301814570893317
1617301787068829696
1617301763123744768
1617301754437111809
1617301753262739459
1617301739769577473
1617301738670723072
1617301736770732033
1617305628237520896
1617305609887715330
1617305591151722499
1617305587813076999
1617305583618588672
1617305575733465088
1617305573824892929
1617309432265773059
1617309429048958976
1617309418655461376
1617309409813884928
1617309401823727617
1617309400812732418
1617309397918838784
1617313223530930176
1617313207751774208
1617313205310701571
1617313202454364164
1617313184372645888
1617313182107996161
1617313173111209984
1617313169550241794
1617313165343338496
1617317032093011969
1617317009032728577
1617317001118224385
1617316974891077635
1617316967769321473
1617316949868032001
1617316944448823297
1617316941302996992
1617320817364180994
1617320808606752768
1617320806974881793
1617320781155033089
1617320768827981824
1617320763325026307
1617320756765151240
1617320753933819906
1617320743154647040
1617324615407403012
1617324604778766336
1617324600815386624
1617324600055980034
1617324595215847428
1617324581856972800
1617324572197494784
1617328425919811584
1617328397256130560
1617328396966719495
1617328357615583232
1617328356755750913
1617328344957333510
1617328322253582336
1617332207550615552
1617332199707103233
1617332179952107520
1617332135139975169
1617332131578974208
1617332127091261440
1617332119105146880
1617332091204636674
1617332067401957378
1617336000153272320
1617335967844798464
1617335966825324545
1617335949842866176
1617335933451522048
1617335906960039936
1617335906465185794
1617335889386156032
1617335871463628800
1617339795130445827
1617339775303942145
1617339774297153537
1617339751001890816
1617339748715995138
1617339705217134593
1617339693879672834
1617339681317830657
1617339675399553026
1617339673197568000
1617343584176414722
1617343579424460801
1617343573375991808
1617343526492143617
1617343512919564288
1617343510595641345
1617343456195534848
1617343442937614342
1617347385335726083
1617347377295200258
1617347366826414081
1617347365350027264
1617347364158865408
1617347361042309120
1617347309251231744
1617347305262440449
1617347301307039749
1617351192106962944
1617351186398720001
1617351172486037505
1617351163547983873
1617351139296481286
1617351136339701760
1617351133617393668
1617351114185379840
1617354983808331778
1617354967295356932
1617354956167876608
1617354946126680064
1617354911544639489
1617354893697880064
1617354859010822144
1617354854774747136
1617358776046342144
1617358755036905472
1617358753132838912
1617358750410735618
1617358738708434949
1617358724586434561
1617358720110919682
1617358711927840770
1617358641438547971
1617362556619833352
1617362535551836160
1617362527238737921
1617362519277854721
1617362513196208129
1617362503557603329
1617362502848811015
1617362502370881537
1617366357133115392
1617366350095159297
1617366343967444993
1617366326884061187
1617366320294596608
1617366302620020742
1617366279698141185
1617366269828927488
1617370132002607106
1617370130891304962
1617370121726754824
1617370116987187203
1617370091167043589
1617370060812877824
1617370059076259844
1617370048049315841
1617370045692407814
1617373926447009793
1617373923288702977
1617373906867822593
1617373904020049920
1617373903617421313
1617373901306343426
1617373900064555009
1617373890774437889
1617373879391129601
1617377688364240896
1617377685201731584
1617377681724645376
1617377642084446208
1617377599822647298
1617377593589903361
1617377590305771522
1617377569082585088
1617381516551811078
1617381500642631680
1617381465431633920
1617381456602357760
1617381434196377600
1617381418702868480
1617381414810578944
1617385296030482432
1617385290766897152
1617385283070066688
1617385280721326081
1617385274597859328
1617385259531919360
1617385250534875136
1617385231476051968
1617385220742815744
1617389090588225538
1617389087274725377
1617389080026972160
1617389055490293760
1617389046136999936
1617389040466284545
1617389039853920256
1617389006383185920
1617392814870134786
1617392814819794945
1617392813595066368
1617392792476725248
1617392784713076736
1617392781227352064
1617396620722855938
1617396605099085826
1617396582965551104
1617396565857153026
1617396561675255808
1617396556105228288
1617396550623264768
1617400458661838848
1617400449623298049
1617400438898180097
1617400418447036417
1617400413606801408
1617404235678875648
1617404198441689088
1617404181945454594
1617404166015434752
1617404164765810690
1617404161351352320
1617404157517856769
1617404155068284928
1617408024641163266
1617408021457473536
1617408007507148800
1617407988163317761
1617407965748764673
1617407963379175424
1617407961151709186
1617407951328649221
1617407943833681922
1617411822952275968
1617411813422792710
1617411813074927616
1617411809987764224
1617411809866125319
1617411804270821377
1617411795072974848
1617411792883572738
1617415610765578240
1617415595871592450
1617415595385032704
1617415595347120128
1617415595053711361
1617415586186760193
1617415579312201730
1617415570940469249
1617415568730251264
1617419408250634240
1617419399169806338
1617419397831987203
1617419396426919937
1617419387874709504
1617419370673717249
1617419367699947520
1617419361530122241
1617419359340892161
1617419358006874112
1617423205903532034
1617423198764822528
1617423189759655936
1617423187415044099
1617423184290250753
1617423182851624960
1617423180020195330
1617423167135301634
1617423162026647552
1617423151071215616
1617426977387847680
1617426970303660039
1617426970073079813
1617426966772338688
1617426965048459264
1617426962854592512
1617426945452695553
1617426942957080581
1617426938938937346
1617426934820143104
1617430791322992641
1617430781655191554
1617430778396422144
1617430775711793152
1617430775280074754
1617430772822024193
1617430771974934528
1617430763451867137
1617430737329725440
1617434565420744706
1617434563738836992
1617434556541403136
1617434556415766528
1617434552909312001
1617434542884925440
1617434541857153024
1617434535934976001
1617434525579235330
1617434519178444800
1617438387358814208
1617438386939117571
1617438381369339905
1617438378211020808
1617438375559954432
1617438374809280513
1617438374146588673
1617438353611186176
1617442155647340544
1617442145702477825
1617442142665728001
1617442138937266181
1617442134897922050
1617442121824497665
1617442118695542789
1617442115558215680
1617442106263453698
1617445960212271104
1617445953539031040
1617445940096532481
1617445926959976449
1617445923881377792
1617445920907612161
1617445920119083010
1617445907993186304
1617445904641835010
1617445904071680000
1617449776722624514
1617449760478085120
1617449759530254340
1617449755944042497
1617449751917600768
1617449743877128192
1617449741964525569
1617449741238898688
1617449736893513730
1617449736616742912
1617453563252469760
1617453557363666944
1617453554653855744
1617453542918201346
1617453538149556226
1617453535536513026
1617453524052475905
1617453522123132934
1617457343612190726
1617457335500410880
1617457320555855872
1617457318731591680
1617457311760384000
1617457309885628416
1617457308514000897
1617457304571371520
1617457303640211456
1617461141990408193
1617461135292112896
1617461133681606658
1617461128363229185
1617461121438613505
1617461116216410112
1617461113632788480
1617461088404004865
1617461067457916928
1617464933049942017
1617464926280495104
1617464923403214848
1617464916453261315
1617464911482732544
1617464911327526913
1617464879702773760
1617464877890637824
1617464876913528832
1617468716614299648
1617468714772992000
1617468698910167040
1617468693918744577
1617468680606044160
1617468673039409153
1617468664382476289
1617468662876884993
1617468650092654592
1617472514292154368
1617472506042134528
1617472501306560514
1617472497326362625
1617472490350993410
1617472487075319809
1617472484625846276
1617472481954254848
1617472480947347456
1617472466133323777
1617476305037017091
1617476302771978240
1617476301669150720
1617476300628791296
1617476298414194688
1617476292710133760
1617476289832656897
1617476289568309248
1617476285957128193
1617476285558661120
1617480084918784000
1617480078224498688
1617480075133489153
1617480072868560897
1617480034729574402
1617480024931840001
1617480020070383618
1617480016085884934
1617483881564733442
1617483879488851969
1617483866012528640
1617483854205296640
1617483852401745922
1617483848895414272
1617483838925541378
1617483830583037953
1617483830117519361
1617487679494430720
1617487659026235392
1617487658770657282
1617487656459313152
1617487653464690694
1617487636083490818
1617487626017312768
1617487625996091392
1617491461628370946
1617491447023804417
1617491436391305217
1617491436290859008
1617491435317493763
1617491431316242435
1617491430221701120
1617491423431127041
1617491420712951808
1617495257171599361
1617495253899935747
1617495241963241472
1617495240348237827
1617495237240258560
1617495232848990209
1617495229468114945
1617495224477184001
1617499053042073600
1617499044410200064
1617499042480803841
1617499035799269383
1617499018803961856
1617499016991834115
1617499011434557441
1617499009643429888
1617499003419250689
1617502846085222401
1617502839408062464
1617502822085312512
1617502815085277184
1617502804846706688
1617502790687027200
1617506635194179589
1617506631213883394
1617506617851011073
1617506597911277568
1617506595348549632
1617506592722948099
1617506583461892101
1617506581687435265
1617506569834594305
1617510489721901057
1617510482960683008
1617510472739344384
1617510469631381507
1617510444624744451
1617510444566188034
1617510443580551171
1617514296413507584
1617514290956886018
1617514278025846784
1617514276041945089
1617514272715866112
1617514257712553984
1617514256622313474
1617514256618127365
1617514253065547787
1617514252830642184
1617518100173422596
1617518088819478529
1617518083320713223
1617518082720960516
1617518080799944704
1617518069395640322
1617518062063730689
1617518047690100736
1617518027930767361
1617521895934668800
1617521893791371264
1617521882248404994
1617521862140989440
1617521855170220032
1617521854482087936
1617521850325635073
1617521846060216325
1617521844600598528
1617525690391465988
1617525689561010184
1617525674692218882
1617525673475854336
1617525656971280388
1617525656232787969
1617525655100616708
1617525650537213966
1617525645659230209
1617525641116532738
1617529497603182593
1617529493589221379
1617529485708103680
1617529481861955584
1617529481224400896
1617529465499975682
1617529457958424576
1617533297336131585
1617533287953756161
1617533287643185152
1617533287370723329
1617533282446606336
1617533278483001345
1617533274011881475
1617533268664127488
1617533266633826306
1617537086013440000
1617537085589577728
1617537081441411072
1617537080313221123
1617537079822647297
1617537077255479296
1617537070934663171
1617537061749153793
1617537049170673666
1617537035052408832
1617540889957498882
1617540881812168705
1617540880734240769
1617540877773152262
1617540869984497665
1617540868487122946
1617540866511626240
1617540865639206912
1617544697031057408
1617544696699703297
1617544692609998850
1617544687799107585
1617544685475762179
1617544684389244928
1617544683122528257
1617544680320663552
1617548493970878467
1617548486412587008
1617548485859119104
1617548481824186368
1617548479580045313
1617548474433810435
1617548472080793600
1617548469547286529
1617548467341230082
1617548466061713416
1617552283574886401
1617552281800433664
1617552280491794439
1617552278088564737
1617552277216051202
1617552276721209345
1617552274942820355
1617552263316135937
1617552262347513856
1617552262124945410
1617556082238558210
1617556074973872128
1617556070867828737
1617556065268240384
1617556055340318722
1617556041880965120
1617556038810587136
1617556034154807297
1617556027313950721
1617559887621373966
1617559882319675393
1617559866754596865
1617559860278853632
1617559848257998850
1617559844063526918
1617559834840252432
1617559833758269441
1617559831052795917
1617563674163703814
1617563666387288079
1617563663904161792
1617563662985601024
1617563659588321280
1617563659412160515
1617563657226928131
1617563656966774784
1617563647479533569
1617563625828253696
1617567485947154436
1617567483258601472
1617567482306347035
1617567478007336960
1617567472709951489
1617567471652974595
1617567470662959116
1617567467408179219
1617567466867105793
1617567465143140352
1617571267040755727
1617571259503501313
1617571250184019969
1617571245536514050
1617571233524072456
1617571232085426188
1617575080506327040
1617575080359346184
1617575077758877698
1617575061984251904
1617575047279022082
1617575043487379458
1617575043277414400
1617578891442376705
1617578889034743809
1617578883989278721
1617578882160381953
1617578881065549838
1617578880159580162
1617578876737028222
1617578864884031488
1617578864582049792
1617582682749440000
1617582679137869824
1617582678718676994
1617582676008894469
1617582655884898305
1617582643364917248
1617582643247448064
1617586477453701121
1617586477160075264
1617586472043040768
1617586471711408133
1617586469501116416
1617586469165535232
1617586465478971392
1617586462060609537
1617586457815969800
1617586457253642256
1617590288976838664
1617590278147264512
1617590278113591322
1617590275638951942
1617590273261064192
1617590265556144128
1617590259994492928
1617590259591819267
1617590255296577536
1617594076664332290
1617594075334725638
1617594072436477952
1617594071660232721
1617594057928081408
1617594056632328195
1617594038760398848
1617594027590975489
1617597882747453458
1617597878565732384
1617597873721585665
1617597869661511680
1617597860324986880
1617597856033931265
1617597855312801792
1617597846890348558
1617601698800992256
1617601695600758784
1617601680425775107
1617601672519487489
1617601670711771136
1617601666949255188
1617605486957985792
1617605457744646144
1617605455290990596
1617605442523516928
1617609284732489728
1617609283176390656
1617609276121567232
1617609275131498499
1617609266516434946
1617609262150348800
1617609260648779776
1617609256080969740
1617609253707198464
1617613090891399169
1617613080912879616
1617613079436759041
1617613062999244801
1617613058414874624
1617613050865135617
1617613044720496640
1617613044162433025
1617613017482694657
1617613012139147264
1617616879182577664
1617616856902434817
1617616850871029762
1617616839932272640
1617616827017986048
1617616815969996804
1617616815550771200
1617616794943950881
1617620683013427220
1617620657214480385
1617620656434319360
1617620650990141441
1617620649564057600
1617620649153028102
1617620621499981824
1617624483757449218
1617624478057390094
1617624476891373580
1617624474450546688
1617624472248516609
1617624470201724928
1617624469979435009
1617624469538758666
1617628281712570368
1617628281494200320
1617628280768835584
1617628277937422336
1617628274074718209
1617628267346812944
1617628267057479680
1617628266063355905
1617628262884331521
1617628260866588673
1617632069655605251
1617632063729053697
1617632062487547904
1617632060528541698
1617632041792851970
1617632038080909312
1617632013409976322
1617632009958068224
1617631979222204416
1617631979129950208
1617635864187895808
1617635858890518530
1617635857535733760
1617635852817174528
1617635850006953984
1617635847431671808
1617635839638634497
1617635836916367361
1617635836371034127
1617635836035473408
1617639679032975374
1617639675899830274
1617639668497133568
1617639659068088326
1617639656660557841
1617639656543358978
1617639654383316994
1617639615665672194
1617639614646472704
1617643473590489088
1617643472873484288
1617643472093347840
1617643471690518528
1617643471514247172
1617643468641255425
1617643467395440643
1617643467248648192
1617643466552492035
1617643462911729664
1617647266684342280
1617647265207705603
1617647256710287362
1617647251580502016
1617647249806266371
1617647238716723206
1617647236086894600
1617647225630253056
1617647218529538055
1617651067881418753
1617651066765737984
1617651066077843457
1617651058649759744
1617651055927648260
1617651054807490560
1617651052756484097
1617651049657151489
1617651044313628673
1617651042812055564
1617654869979963392
1617654867367202816
1617654866486124544
1617654861020946432
1617654859678851073
1617654858747899906
1617654848371167232
1617654846877995010
1617658668639748096
1617658664508362754
1617658662146789376
1617658658485141505
1617658658065911811
1617658650641801223
1617658645130485760
1617658644371210242
1617658637173886976
1617658636855312386
1617662471657127936
1617662467223719936
1617662462546874369
1617662460068069376
1617662459443310592
1617662450156945409
1617662447476965376
1617662434684334083
1617662417324081152
1617662413343719426
1617666257389768704
1617666237974335488
1617666209310445569
1617666200414167041
1617666200368205826
1617666200338849798
1617666197729722369
1617666189697904640
1617666188716408833
1617666179899985920
1617670030568886272
1617670030019432448
1617670022008279040
1617670016844832773
1617670015464914944
1617670011992276993
1617670010696241152
1617670007487623168
1617670006795534338
1617670003980894209
1617673823976914945
1617673803148185600
1617673769706823680
1617673768633262080
1617673760827494401
1617673755916144640
1617673746399088643
1617677615233437697
1617677605842612224
1617677603493580800
1617677591825244162
1617677560292249601
1617677536498180099
1617677523634229248
1617677522925223938
1617681428384477184
1617681420603777025
1617681418917933057
1617681415654739970
1617681390899990531
1617681351330746368
1617685226028769281
1617685209918341123
1617685209507323905
1617685199533527040
1617685197457326086
1617685194512957441
1617685180189138949
1617685154998390785
1617685133905268745
1617689032275947521
1617689018757705728
1617689009693810689
1617689000889696256
1617688992602021895
1617688990668423171
1617688983726882816
1617688978760798208
1617692826917277697
1617692826573377536
1617692817643421698
1617692807405400065
1617692806625243139
1617692795359363073
1617692794197528576
1617692789537669120
1617696622741454848
1617696616063844355
1617696612763176960
1617696599270125568
1617696598955278336
1617696594198945792
1617696590654853120
1617696576268533763
1617696566164480000
1617700424387002369
1617700416476659712
1617700408381837314
1617700382834147329
1617700360608432128
1617700341629464576
1617700330644307968
1617704226712621056
1617704224531570689
1617704215119540224
1617704199411863552
1617704157393350658
1617704155912761346
1617704145200226309
1617704142910402566
1617704125340471301
1617708010180120578
1617707986075410433
1617707985962414081
1617707981877178370
1617707969172627457
1617707963795517440
1617707960859492352
1617711824325181440
1617711815546507264
1617711790581743623
1617711789550014464
1617711789483134984
1617711788778262528
1617711788124000262
1617711782809980932
1617711776237498371
1617715629100003328
1617715627376148483
1617715607084085248
1617715606652059648
1617715580345131008
1617715573760339968
1617715572195590151
1617715571356835841
1617715562003722244
1617719428040519680
1617719422726320129
1617719420310392833
1617719416250327041
1617719405068042241
1617719404703404033
1617719394968436736
1617719387305172992
1617719383014674433
1617723207712411649
1617723195066392578
1617723189932720129
1617723164766928907
1617723159003934720
1617723129840947202
1617723118633586688
1617723094692683778
1617727020926111746
1617727001946918913
1617727001292333056
1617727000231157760
1617726993382137856
1617726985693954048
1617726984481800192
1617726976793661447
1617726962868551680
1617730812392386562
1617730786911834114
1617730784743522305
1617730780717010945
1617730779135770626
1617730776153423872
1617734619650220032
1617734603900596224
1617734596346396672
1617734592286302210
1617734588209704963
1617734575601647619
1617734569377300481
1617734557058625541
1617734551022845953
1617738414098632705
1617738400387461120
1617738378606411776
1617738371283185664
1617738371044081665
1617738363402096641
1617738360726097920
1617738359220338688
1617742213752193024
1617742204956704770
1617742196219998208
1617742185805266944
1617742169028104194
1617742162111926275
1617742161562460162
1617742160580980736
1617746012545880064
1617746010071240705
1617745994355036162
1617745985253302273
1617745961627049986
1617745960070967296
1617745948591149056
1617745939564838912
1617745923089760256
1617749813772312577
1617749813159956482
1617749790716035072
1617749788761653255
1617749788652630016
1617749780356304896
1617749779718737920
1617749774291316742
1617749767064522759
1617753607587110912
1617753605024669696
1617753596921090048
1617753584791351296
1617753582971027456
1617753574376898561
1617757403822579714
1617757398520958977
1617757393579819008
1617757392627961858
1617757392414081024
1617757390572785664
1617757354866642944
1617757353146986497
1617761194311581696
1617761187911065602
1617761175789535232
1617761175680483330
1617761171074859009
1617761170638897157
1617761167094722560
1617761161558233089
1617764969004818432
1617764960658149379
1617764959911542789
1617764958317735936
1617764941657956353
1617764925719613440
1617764919281127424
1617764917641359360
1617764903728685056
1617768776551878658
1617768773871865856
1617768771116240896
1617768767819493376
1617768767764701184
1617768751805628416
1617768742070677506
1617768734311211009
1617772569360220162
1617772561621975048
1617772552860086273
1617772551446437888
1617772520568164354
1617772518928187394
1617772516755517444
1617772505770643459
1617776348591980544
1617776347962806272
1617776346540937217
1617776328023085058
1617776326873845760
1617776326315855872
1617776312369958913
1617776310650310666
1617780139441688577
1617780137797509120
1617780130205794305
1617780123780145152
1617780112023490561
1617780101164240896
1617780079022739459
1617780074220249090
1617783946464612353
1617783942609870848
1617783941334990851
1617783935911755776
1617783932904435714
1617783900310491137
1617783887144550400
1617783876109373441
1617787746910896129
1617787729630367744
1617787724131438592
1617787722831364096
1617787689839005698
1617787682264055809
1617787674554929153
1617787668779372549
1617787652107038720
1617791542210748416
1617791509461622790
1617791508840841218
1617791508689883139
1617791502826237952
1617791494865420288
1617791493787222016
1617791490931200002
1617791485793140743
1617791480923410433
1617795345647280130
1617795343709601792
1617795342736543747
1617795341197139969
1617795340761006087
1617795340576428034
1617795339918114816
1617795334956290050
1617795333878337536
1617795323476279296
1617799137747169280
1617799137428393984
1617799133997432832
1617799131967127552
1617799115143790592
1617799111352422400
1617799110853267460
1617800374982787073
1617800370666848258
1617800362660106240
1617800361539952640
1617800358226526210
1617800356481667073
1617800355651194881
1617800352878981121
1617802903787556864
1617825732813819905
1617825729168961537
1617825722772652032
1617825720608362496
1617825714551783424
1617825710667714560
1617825701528231936
1617825699800444930
1617829543666155520
1617829499797635073
1617829491916832772
1617829485415653379
1617829481216966656
1617829477576212480
1617833320490098691
1617833319403503616
1617833317898014722
1617833317394698241
1617833305021485056
1617833296850829314
1617833282921549829
1617837128242851841
1617837127269781506
1617837125344595968
1617837124564172801
1617837122525827074
1617837111377563649
1617837107187453953
1617837104691818497
1617840919398723584
1617840909890244609
1617840903254597633
1617840896053051393
1617840893888954368
1617840889124225024
1617840889094721538
1617840888037744642
1617840887849009152
1617840887727550464
1617844716288212993
1617844714258190336
1617844713020887041
1617844711133450241
1617844705986764801
1617844697568870400
1617844697463914497
1617844697292054528
1617844697254268931
1617844695429963783
1617848543246692359
1617848538804932609
1617848526125568000
1617848512263385089
1617848509100855298
1617848509050552320
1617852345345540096
1617852342917017600
1617852342434689025
1617852340073299972
1617852329168080896
1617852327108517888
1617852321836171265
1617852318799519745
1617852309815590912
1617852308318203907
1617856139697467400
1617856129479884805
1617856129463107585
1617856124971106304
1617856122341425152
1617856116637192194
1617856115357671424
1617856113403117569
1617856111268483073
1617856109384957952
1617859939636240385
1617859939271151617
1617859934045237249
1617859933562617856
1617859929649582081
1617859927988658181
1617859920476639236
1617859913807724544
1617859912960471042
1617863740757782528
1617863740736536578
1617863737112932354
1617863735569420293
1617863733040005122
1617863730406240257
1617863726828515329
1617863723862859776
1617863719643680774
1617863718062395392
1617867548351135745
1617867546891554817
1617867545452896256
1617867543573823489
1617867533360717825
1617867531477454850
1617867526356226049
1617867524183576580
1617871340018483200
1617871330086653952
1617871328425684992
1617871310733950978
1617871307944919041
1617871304044212225
1617871302030954497
1617871293751123968
1617875144675844096
1617875137633845256
1617875134030958594
1617875133255004166
1617875130331566088
1617875114854580232
1617875113004732417
1617875108030255104
1617875104553398276
1617878938717650946
1617878938209886209
1617878936809254913
1617878929326604290
1617878916156489728
1617878910188019714
1617878906316673025
1617878904257261571
1617882723007492097
1617882718905274368
1617882707153031171
1617882705592750083
1617882705055870977
1617882698701500419
1617882696835039235
1617882687964090368
1617886530122702850
1617886528939909120
1617886514469560323
1617886509679677440
1617886509025091585
1617886507880316928
1617886505414045700
1617886504486944770
1617886504420012032
1617890318439022592
1617890313967931394
1617890310180470784
1617890304904003584
1617890302366461953
1617890297215877122
1617890295818878977
1617890294082711554
1617890279239081984
1617890279054532608
1617894130964922368
1617894125541498881
1617894125365518339
1617894122232381440
1617894119795458049
1617894113256284160
1617894113122058242
1617894108558917636
1617894102388936705
1617898303445946369
1617898302237806594
1617898292947587073
1617898292540768257
1617898289998991361
1617898287519961088
1617898285712244737
1617898281090318337
1617898475827658753
1617898461676064768
1617898450938638339
1617898448937787393
1617898446752567296
1617898440641355778
1617898437365714950
1617898431531606017
1618287248839147520
1618287247052386304
1618287245827674112
1618287244900700162
1618287243910844417
1618287241478176770
1618287234020700160
1618287229096591365
1618287228668760067
1618287225040691201
1618291046848368640
1618291045317644290
1618291040871665666
1618291038900326402
1618291034068508672
1618291020499935236
1618291018893520898
1618291010865606658
1618294855758934017
1618294855049805825
1618294853997309952
1618294850272784385
1618294838612590592
1618294838151024662
1618294833663119397
1618294828433035264
1618294828089081856
1618298656439865355
1618298650459009024
1618298649632739331
1618298642208804865
1618298638190645248
1618298637670580225
1618298624177279013
1618298621908099072
1618298610449534979
1618302463127486464
1618302461256601609
1618302451408592896
1618302450926223365
1618302446257963011
1618302445733695489
1618302438112653313
1618302434278838291
1618302434006413313
1618302430797565963
1618306266891157505
1618306266404642820
1618306263133085709
1618306260507717639
1618306256631914508
1618306250181345280
1618306247094067208
1618306246700068865
1618306245898690566
1618310054393831430
1618310054381322241
1618310045061505025
1618310042612273154
1618310035578458112
1618310033984606208
1618310029026918402
1618310023108509696
1618310013583511552
1618313852990652416
1618313838016991235
1618313836817420288
1618313833856237569
1618313823588343809
1618313818395873280
1618313813048315904
1618317668951683075
1618317664639942658
1618317643294859277
1618317643177693184
1618317627738427393
1618317623367958528
1618317620985356335
1618317620976967689
1618321472514326528
1618321472392421402
1618321471671267328
1618321468542320640
1618321467313393665
1618321450334842881
1618321445884420106
1618321441212235776
1618325279906361344
1618325277670531095
1618325276869677057
1618325275372294146
1618325275317526540
1618325272373383169
1618325268032282624
1618325262344785921
1618325257563308032
1618329081866493968
1618329080017063936
1618329076292263962
1618329075516608513
1618329068629549056
1618329065655607296
1618329056570929153
1618329053198708736
1618329031560302592
1618332888268677123
1618332885400064000
1618332880878313490
1618332879368380423
1618332872108290049
1618332867217743873
1618332865451917312
1618336694398513152
1618336689642156032
1618336689201774592
1618336683480743936
1618336682566197248
1618336682423554048
1618336681542946817
1618336677872951296
1618336675691900928
1618340496316956672
1618340493988864009
1618340493678772225
1618340484346413056
1618340481200431114
1618340479858253825
1618340476590891015
1618340467976069121
1618344287229321230
1618344282880081920
1618344274273382402
1618344268694945792
1618344263745667073
1618348097763151872
1618348093975535629
1618348089970151424
1618348061520011280
1618348060584849408
1618351896389120000
1618351889120362497
1618351884150112257
1618351869797048320
1618351868786122752
1618351856303972368
1618351849513586688
1618351836121141249
1618355720868728832
1618355719023267842
1618355715151917056
1618355713482584064
1618355694352367617
1618355689809903617
1618355683065462785
1618355681601490944
1618355678535651328
1618359514146967553
1618359513102393363
1618359502344179713
1618359502117691392
1618359500964077583
1618359498573500416
1618359493850705920
1618359487823507456
1618359487508930561
1618363331659829248
1618363331521433604
1618363328547676160
1618363324500152321
1618363324491784194
1618363313804709891
1618363313158762496
1618363311606870017
1618367131191771136
1618367121129443328
1618367109813223425
1618367105140678664
1618367100636090372
1618367096685232128
1618367096643256320
1618367094885683201
1618367093644341248
1618370922783838223
1618370919478755329
1618370909991211008
1618370901862649860
1618370878512959488
1618370868765396997
1618370867158814720
1618374722592575501
1618374715583893513
1618374714573066254
1618374694637342727
1618374686999711757
1618374666435039245
1618378530320191489
1618378495960436736
1618378489551556610
1618378474204585985
1618378472841150466
1618378468693245953
1618378465555910657
1618382319445745669
1618382317558595584
1618382317222871040
1618382306452082688
1618382306279817219
1618386142075949060
1618386138066219011
1618386131506298881
1618386118634012675
1618386105061056514
1618386096798187520
1618386094344609792
1618386088187559936
1618389931109367808
1618389927993171968
1618389926739087360
1618389883214761985
1618389881725792257
1618389869184573440
1618389865636286464
1618393727290208256
1618393722269630466
1618393714363334656
1618393713163767810
1618393711376994305
1618393705139904513
1618393695501570053
1618393691634253826
1618393684478922752
1618397530680856577
1618397516168560640
1618397515002380289
1618397504768479233
1618397501513682945
1618397494500810752
1618397486976208897
1618397481850802176
1618401347967090688
1618401347233058817
1618401338903367682
1618401302807207936
1618401290467393537
1618401282657759232
1618401257982689281
1618401235064983553
1618405142973526017
1618405132953358336
1618405114150285314
1618405104809545728
1618405088955092993
1618405064875319296
1618405053542576131
1618405043799228416
1618405040842235904
1618408928437735425
1618408897265471493
1618408870933852161
1618408869490995200
1618408859491618816
1618408845323423750
1618412726144962561
1618412674466938881
1618412673972027392
1618412664224636928
1618412626643386368
1618412614568083456
1618412613930467328
1618412610038403073
1618416501861801984
1618416498317619200
1618416493125070849
1618416492340727809
1618416461185261568
1618416459524493313
1618416442545954816
1618420313267798016
1618420305231491075
1618420298013114370
1618420287644606464
1618420280082456577
1618420270079021056
1618420257844264960
1618420253054373890
1618420242400550917
1618424113395269634
1618424105975390212
1618424102691250178
1618424094730457088
1618424082445537281
1618424076904837120
1618424050350526465
1618427898410717185
1618427878110298112
1618427874020831232
1618427869595574272
1618427850654351362
1618427842009735169
1618427839212314625
1618431708302544899
1618431689788739584
1618431682994114561
1618431677327609857
1618431667433242624
1618431664153333762
1618431662924386304
1618431658042220545
1618431650580365312
1618435489006247936
1618435482400194563
1618435477660659712
1618435459880988673
1618435448132767744
1618435438737227777
1618435419334496256
1618435415278747649
1618439299795681280
1618439278765428742
1618439270519410689
1618439267528892417
1618439262290206720
1618439249879240706
1618443092553506816
1618443083393146883
1618443062975533057
1618443062186840064
1618443045799874562
1618443044994580480
1618443041106280453
1618443034995347456
1618446891708219395
1618446883676123136
1618446882858049536
1618446878756188162
1618446869541318657
1618446867511267333
1618446861614067715
1618450689281392640
1618450687662379011
1618450680846639105
1618450678309060608
1618450662991474690
1618450638018596864
1618450637842444288
1618454483780112385
1618454479694888961
1618454469955686406
1618454468810391554
1618454467581726721
1618458277356130306
1618458266429800448
1618458250122526720
1618458230858067969
1618458229650108420
1618462065714409474
1618462048983343105
1618462038627618817
1618462009435258880
1618465860733239296
1618465841128919040
1618465832643825665
1618465829917724678
1618465827917041664
1618465823882084355
1618465815744888833
1618469658499350528
1618469644871909377
1618469631974572032
1618469627939655682
1618469610751250438
1618473443523203072
1618473419728625664
1618473417724014592
1618473389387120641
1618473385524330497
1618473384425168900
1618477250885857281
1618477250105450496
1618477249438650369
1618477228433473536
1618477216593252353
1618477216031031299
1618477204324896770
1618477194602323973
1618481044029833216
1618481013281390592
1618480989495496707
1618484826444529665
1618484820304076806
1618484804428636160
1618484799236186112
1618484796082229248
1618484767351246849
1618488608666832897
1618488596029378560
1618488590157385729
1618488583798808577
1618488570398019586
1618488564508917761
1618492411432558598
1618492372450701313
1618492369560821760
1618492361444839426
1618492347591053312
1618492340305555458
1618496207839723520
1618496204668825600
1618496196796125184
1618496196066312192
1618496192002011137
1618496185689583621
1618496168941477888
1618496142983168000
1618496140793765890
1618499977717907457
1618499972709896192
1618499955857162242
1618499949200805889
1618499944310247425
1618499938459201537
1618499931500867586
1618503786762473474
1618503785646796800
1618503783822000128
1618503778382094336
1618503777493082115
1618503775261523969
1618503772912898049
1618503772073861120
1618507592053186560
1618507591239491584
1618507586927484930
1618507577457016834
1618507566908329987
1618511373675429888
1618511369908912128
1618511369581760513
1618511352771022851
1618511348278910976
1618511344449511425
1618515164449624066
1618515159923961856
1618515156853739526
1618515144111230976
1618518957602000898
1618518955944976385
1618518955706179584
1618518941889970177
1618518938467569664
1618518938144641025
1618518937196703744
1618522759482716161
1618522754999013376
1618522748514611200
1618522744781414401
1618522723075981312
1618522700544376833
1618526552148578307
1618526549959118848
1618526548918964224
1618526542224842757
1618526536818212864
1618526528526225417
1618526519638237184
1618526519000981505
1618530364879966214
1618530352125054977
1618530344516603904
1618530339915169792
1618530333443457024
1618530326854225920
1618530302619705346
1618534174025224192
1618534167851200512
1618534163736305664
1618534162876465153
1618534161488257026
1618534160158855169
1618534152307109888
1618534149320761345
1618534146200018945
1618537972395302912
1618537958445051904
1618537951809667072
1618537940204007424
1618541771629142017
1618541758236827648
1618541756466839554
1618541753832992770
1618541750733373445
1618541750276198400
1618545578303971328
1618545576823463937
1618545572541042688
1618545565570322433
1618545560679763973
1618545558594928640
1618545555009077248
1618549390645280769
1618549384622358534
1618549384031137793
1618549383758233600
1618549381887844359
1618549372567822342
1618553211836825601
1618553206270722049
1618553195411771392
1618553192522092545
1618553185861529602
1618553183743414272
1618557015755825153
1618557011175608320
1618556989537406978
1618556988174249984
1618556983958814720
1618556983598108673
1618556982977507328
1618556982121664512
1618560813534687240
1618560808174108673
1618560804655357957
1618560799210934274
1618564619337097217
1618564617675890690
1618564610185113601
1618564609262383105
1618564597673328641
1618564597488947201
1618568442617147393
1618568439878094848
1618568429220528131
1618568425357606914
1618568424577466370
1618568412766298112
1618568412116160512
1618568407451926529
1618572259647696896
1618572230132379649
1618572229553291264
1618572222376853504
1618576054796570625
1618576045296451589
1618576037461528576
1618576022219415556
1618576007123898368
1618579871663534085
1618579871227158530
1618579871210299392
1618579870505701379
1618579868500770816
1618579862695944192
1618579860590297088
1618579860263260160
1618579858195365889
